\BOOKMARK [0][]{chapter.1}{1 Fondamenti di relativit\340 ristretta}{}% 1
\BOOKMARK [1][-]{section.1.1}{1.1 La matematica dei sistemi di riferimento inerziali}{chapter.1}% 2
\BOOKMARK [2][-]{subsection.1.1.1}{1.1.1 I sistemi di riferimento inerziali}{section.1.1}% 3
\BOOKMARK [2][-]{subsection.1.1.2}{1.1.2 Trasformazioni di sistemi di riferimento inerziali}{section.1.1}% 4
\BOOKMARK [1][-]{section.1.2}{1.2 Fatti di Fisica Classica}{chapter.1}% 5
\BOOKMARK [2][-]{subsection.1.2.1}{1.2.1 La meccanica e le trasformazioni di Galileo}{section.1.2}% 6
\BOOKMARK [2][-]{subsection.1.2.2}{1.2.2 L'elettromagnetismo e le equazioni di Maxwell}{section.1.2}% 7
\BOOKMARK [1][-]{section.1.3}{1.3 L'articolo del 1905}{chapter.1}% 8
\BOOKMARK [2][-]{subsection.1.3.1}{1.3.1 La non invarianza delle Equazioni di Maxwell}{section.1.3}% 9
\BOOKMARK [2][-]{subsection.1.3.2}{1.3.2 I postulati di Einstein}{section.1.3}% 10
\BOOKMARK [1][-]{section.1.4}{1.4 Le trasformazioni di Lorentz}{chapter.1}% 11
\BOOKMARK [2][-]{subsection.1.4.1}{1.4.1 Derivazione}{section.1.4}% 12
\BOOKMARK [2][-]{subsection.1.4.2}{1.4.2 Contrazione delle lunghezze e dilatazione dei tempi}{section.1.4}% 13
\BOOKMARK [2][-]{subsection.1.4.3}{1.4.3 Trasformazione delle velocit\340}{section.1.4}% 14
\BOOKMARK [1][-]{section.1.5}{1.5 Quadrivettori e spazio-tempo}{chapter.1}% 15
\BOOKMARK [1][-]{section.1.6}{1.6 Trasformazioni del campo elettromagnetico}{chapter.1}% 16
\BOOKMARK [0][]{chapter.2}{2 Meccanica relativistica}{}% 17
\BOOKMARK [1][-]{section.2.1}{2.1 Il principio di minima azione}{chapter.2}% 18
\BOOKMARK [1][-]{section.2.2}{2.2 La lagrangiana relativistica}{chapter.2}% 19
\BOOKMARK [2][-]{subsection.2.2.1}{2.2.1 La particella libera}{section.2.2}% 20
\BOOKMARK [2][-]{subsection.2.2.2}{2.2.2 Energia e momenti}{section.2.2}% 21
\BOOKMARK [0][]{chapter.3}{3 L'elettromagnetismo nella teoria della relativit\340}{}% 22
\BOOKMARK [0][]{appendix.Alph1}{A Lemmi e teoremi per le trasformazioni di Lorentz}{}% 23
\BOOKMARK [1][-]{section.Alph1.1}{A.1 Risultati generali}{appendix.Alph1}% 24
\BOOKMARK [1][-]{section.Alph1.2}{A.2 Una dimostrazione della linearit\340 delle trasformazioni di Lorentz}{appendix.Alph1}% 25
